TN:
SF:/var/www/html/sweetalert2/dist/sweetalert2.all.min.js
FN:1,(anonymous_1)
FN:1,(anonymous_2)
FN:1,V
FN:1,(anonymous_4)
FN:1,(anonymous_5)
FN:1,a
FN:1,r
FN:1,s
FN:1,(anonymous_9)
FN:1,c
FN:1,(anonymous_11)
FN:1,u
FN:1,(anonymous_13)
FN:1,o
FN:1,(anonymous_15)
FN:1,(anonymous_16)
FN:1,(anonymous_17)
FN:1,l
FN:1,(anonymous_19)
FN:1,d
FN:1,(anonymous_21)
FN:1,(anonymous_22)
FN:1,(anonymous_23)
FN:1,(anonymous_24)
FN:1,(anonymous_25)
FN:1,(anonymous_26)
FN:1,(anonymous_27)
FN:1,(anonymous_28)
FN:1,(anonymous_29)
FN:1,(anonymous_30)
FN:1,(anonymous_31)
FN:1,(anonymous_32)
FN:1,(anonymous_33)
FN:1,(anonymous_34)
FN:1,(anonymous_35)
FN:1,(anonymous_36)
FN:1,(anonymous_37)
FN:1,(anonymous_38)
FN:1,(anonymous_39)
FN:1,(anonymous_40)
FN:1,(anonymous_41)
FN:1,(anonymous_42)
FN:1,(anonymous_43)
FN:1,(anonymous_44)
FN:1,(anonymous_45)
FN:1,(anonymous_46)
FN:1,(anonymous_47)
FN:1,(anonymous_48)
FN:1,(anonymous_49)
FN:1,(anonymous_50)
FN:1,(anonymous_51)
FN:1,(anonymous_52)
FN:1,(anonymous_53)
FN:1,(anonymous_54)
FN:1,(anonymous_55)
FN:1,(anonymous_56)
FN:1,(anonymous_57)
FN:1,(anonymous_58)
FN:1,(anonymous_59)
FN:1,(anonymous_60)
FN:1,(anonymous_61)
FN:1,(anonymous_62)
FN:1,(anonymous_63)
FN:1,(anonymous_64)
FN:1,(anonymous_65)
FN:1,(anonymous_66)
FN:1,(anonymous_67)
FN:1,(anonymous_68)
FN:1,(anonymous_69)
FN:1,(anonymous_70)
FN:1,(anonymous_71)
FN:1,(anonymous_72)
FN:1,(anonymous_73)
FN:1,(anonymous_74)
FN:1,(anonymous_75)
FN:1,(anonymous_76)
FN:1,(anonymous_77)
FN:1,(anonymous_78)
FN:1,(anonymous_79)
FN:1,(anonymous_80)
FN:1,(anonymous_81)
FN:1,(anonymous_82)
FN:1,(anonymous_83)
FN:1,(anonymous_84)
FN:1,(anonymous_85)
FN:1,(anonymous_86)
FN:1,(anonymous_87)
FN:1,(anonymous_88)
FN:1,(anonymous_89)
FN:1,(anonymous_90)
FN:1,(anonymous_91)
FN:1,e
FN:1,(anonymous_93)
FN:1,(anonymous_94)
FN:1,(anonymous_95)
FN:1,(anonymous_96)
FN:1,(anonymous_97)
FN:1,e
FN:1,(anonymous_99)
FN:1,(anonymous_100)
FN:1,(anonymous_101)
FN:1,(anonymous_102)
FN:1,(anonymous_103)
FN:1,(anonymous_104)
FN:1,(anonymous_105)
FN:1,(anonymous_106)
FN:1,(anonymous_107)
FN:1,(anonymous_108)
FN:1,ht
FN:1,(anonymous_110)
FN:1,(anonymous_111)
FN:1,(anonymous_112)
FN:1,(anonymous_113)
FN:1,Ct
FN:1,(anonymous_115)
FN:1,(anonymous_116)
FN:1,(anonymous_117)
FN:1,(anonymous_118)
FN:1,(anonymous_119)
FN:1,(anonymous_120)
FN:1,t
FN:1,(anonymous_122)
FN:1,(anonymous_123)
FN:1,Bt
FN:1,(anonymous_125)
FN:1,xt
FN:1,t
FN:1,(anonymous_128)
FN:1,(anonymous_129)
FN:1,(anonymous_130)
FN:1,(anonymous_131)
FN:1,(anonymous_132)
FN:1,(anonymous_133)
FN:1,(anonymous_134)
FN:1,(anonymous_135)
FN:1,t
FN:1,(anonymous_137)
FN:1,(anonymous_138)
FN:1,(anonymous_139)
FN:1,(anonymous_140)
FN:1,(anonymous_141)
FN:1,(anonymous_142)
FN:1,(anonymous_143)
FN:1,(anonymous_144)
FN:1,(anonymous_145)
FN:1,(anonymous_146)
FN:1,(anonymous_147)
FN:1,(anonymous_148)
FN:1,(anonymous_149)
FN:1,(anonymous_150)
FN:1,(anonymous_151)
FN:1,(anonymous_152)
FN:1,(anonymous_153)
FN:1,(anonymous_154)
FN:1,(anonymous_155)
FN:1,(anonymous_156)
FN:1,(anonymous_157)
FN:1,(anonymous_158)
FN:1,(anonymous_159)
FN:1,(anonymous_160)
FN:1,(anonymous_161)
FN:1,(anonymous_162)
FN:1,(anonymous_163)
FN:1,(anonymous_164)
FN:1,(anonymous_165)
FN:1,(anonymous_166)
FN:1,(anonymous_167)
FN:1,(anonymous_168)
FN:1,(anonymous_169)
FN:1,(anonymous_170)
FN:1,(anonymous_171)
FN:1,(anonymous_172)
FN:1,(anonymous_173)
FN:1,(anonymous_174)
FN:1,(anonymous_175)
FN:1,(anonymous_176)
FN:1,(anonymous_177)
FN:1,(anonymous_178)
FN:1,(anonymous_179)
FN:1,(anonymous_180)
FN:1,(anonymous_181)
FN:1,(anonymous_182)
FN:1,(anonymous_183)
FN:1,(anonymous_184)
FN:1,(anonymous_185)
FN:1,Tt
FN:1,(anonymous_187)
FN:1,(anonymous_188)
FN:1,(anonymous_189)
FN:1,(anonymous_190)
FN:2,(anonymous_191)
FNF:191
FNH:179
FNDA:1,(anonymous_1)
FNDA:1,(anonymous_2)
FNDA:1,V
FNDA:468,(anonymous_4)
FNDA:0,(anonymous_5)
FNDA:140,a
FNDA:45,r
FNDA:1,s
FNDA:0,(anonymous_9)
FNDA:1,c
FNDA:0,(anonymous_11)
FNDA:1,u
FNDA:0,(anonymous_13)
FNDA:1,o
FNDA:1,(anonymous_15)
FNDA:0,(anonymous_16)
FNDA:0,(anonymous_17)
FNDA:129,l
FNDA:129,(anonymous_19)
FNDA:1,d
FNDA:0,(anonymous_21)
FNDA:0,(anonymous_22)
FNDA:567,(anonymous_23)
FNDA:18,(anonymous_24)
FNDA:4,(anonymous_25)
FNDA:219,(anonymous_26)
FNDA:54,(anonymous_27)
FNDA:2,(anonymous_28)
FNDA:19049,(anonymous_29)
FNDA:69,(anonymous_30)
FNDA:4032,(anonymous_31)
FNDA:3838,(anonymous_32)
FNDA:4064,(anonymous_33)
FNDA:2757,(anonymous_34)
FNDA:1275,(anonymous_35)
FNDA:4027,(anonymous_36)
FNDA:721,(anonymous_37)
FNDA:4778,(anonymous_38)
FNDA:452,(anonymous_39)
FNDA:33108,(anonymous_40)
FNDA:6936,(anonymous_41)
FNDA:5816,(anonymous_42)
FNDA:1469,(anonymous_43)
FNDA:258,(anonymous_44)
FNDA:513,(anonymous_45)
FNDA:1016,(anonymous_46)
FNDA:260,(anonymous_47)
FNDA:506,(anonymous_48)
FNDA:266,(anonymous_49)
FNDA:590,(anonymous_50)
FNDA:530,(anonymous_51)
FNDA:769,(anonymous_52)
FNDA:253,(anonymous_53)
FNDA:256,(anonymous_54)
FNDA:508,(anonymous_55)
FNDA:20,(anonymous_56)
FNDA:6,(anonymous_57)
FNDA:183,(anonymous_58)
FNDA:20,(anonymous_59)
FNDA:186,(anonymous_60)
FNDA:315,(anonymous_61)
FNDA:630,(anonymous_62)
FNDA:253,(anonymous_63)
FNDA:252,(anonymous_64)
FNDA:3,(anonymous_65)
FNDA:1,(anonymous_66)
FNDA:1,(anonymous_67)
FNDA:341,(anonymous_68)
FNDA:1,(anonymous_69)
FNDA:253,(anonymous_70)
FNDA:253,(anonymous_71)
FNDA:253,(anonymous_72)
FNDA:253,(anonymous_73)
FNDA:254,(anonymous_74)
FNDA:6,(anonymous_75)
FNDA:253,(anonymous_76)
FNDA:9,(anonymous_77)
FNDA:658,(anonymous_78)
FNDA:666,(anonymous_79)
FNDA:9,(anonymous_80)
FNDA:251,(anonymous_81)
FNDA:111,(anonymous_82)
FNDA:29,(anonymous_83)
FNDA:33,(anonymous_84)
FNDA:2,(anonymous_85)
FNDA:4,(anonymous_86)
FNDA:20,(anonymous_87)
FNDA:2,(anonymous_88)
FNDA:251,(anonymous_89)
FNDA:45,(anonymous_90)
FNDA:45,(anonymous_91)
FNDA:129,e
FNDA:45,(anonymous_93)
FNDA:129,(anonymous_94)
FNDA:3,(anonymous_95)
FNDA:3,(anonymous_96)
FNDA:3,(anonymous_97)
FNDA:8,e
FNDA:6,(anonymous_99)
FNDA:261,(anonymous_100)
FNDA:3,(anonymous_101)
FNDA:1,(anonymous_102)
FNDA:3,(anonymous_103)
FNDA:7,(anonymous_104)
FNDA:3,(anonymous_105)
FNDA:2,(anonymous_106)
FNDA:2,(anonymous_107)
FNDA:2,(anonymous_108)
FNDA:261,ht
FNDA:205,(anonymous_110)
FNDA:13,(anonymous_111)
FNDA:269,(anonymous_112)
FNDA:0,(anonymous_113)
FNDA:89,Ct
FNDA:63,(anonymous_115)
FNDA:44,(anonymous_116)
FNDA:7,(anonymous_117)
FNDA:7,(anonymous_118)
FNDA:63,(anonymous_119)
FNDA:3715,(anonymous_120)
FNDA:1,t
FNDA:26,(anonymous_122)
FNDA:2,(anonymous_123)
FNDA:298,Bt
FNDA:594,(anonymous_125)
FNDA:20,xt
FNDA:11,t
FNDA:17,(anonymous_128)
FNDA:17,(anonymous_129)
FNDA:2,(anonymous_130)
FNDA:2,(anonymous_131)
FNDA:2,(anonymous_132)
FNDA:3,(anonymous_133)
FNDA:3,(anonymous_134)
FNDA:252,(anonymous_135)
FNDA:1,t
FNDA:206,(anonymous_137)
FNDA:12569,(anonymous_138)
FNDA:12377,(anonymous_139)
FNDA:206,(anonymous_140)
FNDA:21,(anonymous_141)
FNDA:2180,(anonymous_142)
FNDA:261,(anonymous_143)
FNDA:35,(anonymous_144)
FNDA:1,(anonymous_145)
FNDA:1,(anonymous_146)
FNDA:10,(anonymous_147)
FNDA:10,(anonymous_148)
FNDA:6,(anonymous_149)
FNDA:260,(anonymous_150)
FNDA:2,(anonymous_151)
FNDA:1,(anonymous_152)
FNDA:1,(anonymous_153)
FNDA:1,(anonymous_154)
FNDA:252,(anonymous_155)
FNDA:252,(anonymous_156)
FNDA:252,(anonymous_157)
FNDA:502,(anonymous_158)
FNDA:252,(anonymous_159)
FNDA:25,(anonymous_160)
FNDA:14,(anonymous_161)
FNDA:4,(anonymous_162)
FNDA:65,(anonymous_163)
FNDA:3,(anonymous_164)
FNDA:3,(anonymous_165)
FNDA:1,(anonymous_166)
FNDA:1,(anonymous_167)
FNDA:2,(anonymous_168)
FNDA:1,(anonymous_169)
FNDA:41,(anonymous_170)
FNDA:11,(anonymous_171)
FNDA:16,(anonymous_172)
FNDA:16,(anonymous_173)
FNDA:4,(anonymous_174)
FNDA:4,(anonymous_175)
FNDA:7,(anonymous_176)
FNDA:10,(anonymous_177)
FNDA:11,(anonymous_178)
FNDA:4,(anonymous_179)
FNDA:10,(anonymous_180)
FNDA:0,(anonymous_181)
FNDA:5,(anonymous_182)
FNDA:0,(anonymous_183)
FNDA:1,(anonymous_184)
FNDA:7,(anonymous_185)
FNDA:252,Tt
FNDA:27,(anonymous_187)
FNDA:0,(anonymous_188)
FNDA:21,(anonymous_189)
FNDA:104,(anonymous_190)
FNDA:1,(anonymous_191)
DA:1,33108
DA:2,1
LF:2
LH:2
BRDA:1,1,0,0
BRDA:1,1,1,1
BRDA:1,2,0,1
BRDA:1,2,1,0
BRDA:1,3,0,0
BRDA:1,3,1,1
BRDA:1,4,0,1
BRDA:1,4,1,0
BRDA:1,5,0,1
BRDA:1,5,1,0
BRDA:1,6,0,1
BRDA:1,6,1,1
BRDA:1,7,0,0
BRDA:1,7,1,0
BRDA:1,8,0,0
BRDA:1,8,1,0
BRDA:1,8,2,0
BRDA:1,8,3,0
BRDA:1,9,0,0
BRDA:1,9,1,140
BRDA:1,10,0,45
BRDA:1,10,1,45
BRDA:1,11,0,45
BRDA:1,11,1,45
BRDA:1,12,0,1
BRDA:1,12,1,0
BRDA:1,13,0,0
BRDA:1,13,1,0
BRDA:1,14,0,1
BRDA:1,14,1,0
BRDA:1,15,0,0
BRDA:1,15,1,0
BRDA:1,16,0,1
BRDA:1,16,1,0
BRDA:1,17,0,1
BRDA:1,17,1,0
BRDA:1,18,0,0
BRDA:1,18,1,1
BRDA:1,19,0,1
BRDA:1,19,1,1
BRDA:1,20,0,0
BRDA:1,20,1,1
BRDA:1,21,0,1
BRDA:1,21,1,0
BRDA:1,22,0,0
BRDA:1,22,1,0
BRDA:1,23,0,129
BRDA:1,23,1,0
BRDA:1,24,0,129
BRDA:1,24,1,0
BRDA:1,24,2,0
BRDA:1,25,0,0
BRDA:1,25,1,129
BRDA:1,26,0,1
BRDA:1,26,1,0
BRDA:1,27,0,1
BRDA:1,27,1,1
BRDA:1,28,0,0
BRDA:1,28,1,0
BRDA:1,29,0,0
BRDA:1,29,1,0
BRDA:1,30,0,0
BRDA:1,30,1,0
BRDA:1,31,0,1
BRDA:1,31,1,0
BRDA:1,32,0,3
BRDA:1,32,1,216
BRDA:1,33,0,54
BRDA:1,33,1,24
BRDA:1,34,0,66
BRDA:1,34,1,3
BRDA:1,35,0,4032
BRDA:1,35,1,4032
BRDA:1,35,2,3208
BRDA:1,36,0,3208
BRDA:1,36,1,2957
BRDA:1,37,0,1906
BRDA:1,37,1,1932
BRDA:1,38,0,1782
BRDA:1,38,1,2282
BRDA:1,39,0,1170
BRDA:1,39,1,762
BRDA:1,40,0,4027
BRDA:1,40,1,14617
BRDA:1,41,0,24
BRDA:1,41,1,697
BRDA:1,42,0,452
BRDA:1,42,1,445
BRDA:1,43,0,445
BRDA:1,43,1,134
BRDA:1,43,2,134
BRDA:1,44,0,6863
BRDA:1,44,1,73
BRDA:1,45,0,0
BRDA:1,45,1,6
BRDA:1,46,0,4
BRDA:1,46,1,2
BRDA:1,47,0,186
BRDA:1,47,1,186
BRDA:1,48,0,315
BRDA:1,48,1,275
BRDA:1,49,0,253
BRDA:1,49,1,253
BRDA:1,50,0,252
BRDA:1,50,1,0
BRDA:1,51,0,252
BRDA:1,51,1,188
BRDA:1,52,0,248
BRDA:1,52,1,4
BRDA:1,53,0,40
BRDA:1,53,1,212
BRDA:1,54,0,40
BRDA:1,54,1,212
BRDA:1,55,0,252
BRDA:1,55,1,212
BRDA:1,56,0,252
BRDA:1,56,1,113
BRDA:1,57,0,3
BRDA:1,57,1,3
BRDA:1,57,2,3
BRDA:1,58,0,247
BRDA:1,58,1,94
BRDA:1,59,0,3
BRDA:1,59,1,91
BRDA:1,60,0,3
BRDA:1,60,1,88
BRDA:1,61,0,3
BRDA:1,61,1,0
BRDA:1,62,0,88
BRDA:1,62,1,88
BRDA:1,63,0,0
BRDA:1,63,1,1
BRDA:1,64,0,1
BRDA:1,64,1,0
BRDA:1,65,0,1
BRDA:1,65,1,1
BRDA:1,66,0,252
BRDA:1,66,1,1
BRDA:1,67,0,248
BRDA:1,67,1,5
BRDA:1,68,0,253
BRDA:1,68,1,7
BRDA:1,69,0,13
BRDA:1,69,1,240
BRDA:1,70,0,246
BRDA:1,70,1,7
BRDA:1,71,0,253
BRDA:1,71,1,21
BRDA:1,72,0,253
BRDA:1,72,1,21
BRDA:1,73,0,252
BRDA:1,73,1,1
BRDA:1,74,0,252
BRDA:1,74,1,1
BRDA:1,75,0,12
BRDA:1,75,1,241
BRDA:1,76,0,12
BRDA:1,76,1,229
BRDA:1,77,0,6
BRDA:1,77,1,247
BRDA:1,78,0,5
BRDA:1,78,1,1
BRDA:1,79,0,5
BRDA:1,79,1,1
BRDA:1,80,0,5
BRDA:1,80,1,3
BRDA:1,81,0,9
BRDA:1,81,1,244
BRDA:1,82,0,1
BRDA:1,82,1,8
BRDA:1,83,0,3
BRDA:1,83,1,6
BRDA:1,84,0,9
BRDA:1,84,1,1
BRDA:1,85,0,9
BRDA:1,85,1,1
BRDA:1,86,0,254
BRDA:1,86,1,0
BRDA:1,87,0,2
BRDA:1,87,1,252
BRDA:1,88,0,254
BRDA:1,88,1,253
BRDA:1,89,0,2
BRDA:1,89,1,0
BRDA:1,90,0,4
BRDA:1,90,1,2
BRDA:1,91,0,6
BRDA:1,91,1,0
BRDA:1,92,0,4
BRDA:1,92,1,0
BRDA:1,93,0,1
BRDA:1,93,1,252
BRDA:1,94,0,252
BRDA:1,94,1,77
BRDA:1,95,0,77
BRDA:1,95,1,76
BRDA:1,96,0,9
BRDA:1,96,1,1
BRDA:1,97,0,214
BRDA:1,97,1,37
BRDA:1,98,0,37
BRDA:1,98,1,73
BRDA:1,98,2,1
BRDA:1,99,0,33
BRDA:1,99,1,32
BRDA:1,100,0,2
BRDA:1,100,1,2
BRDA:1,101,0,4
BRDA:1,101,1,0
BRDA:1,102,0,0
BRDA:1,102,1,45
BRDA:1,103,0,45
BRDA:1,103,1,0
BRDA:1,104,0,45
BRDA:1,104,1,45
BRDA:1,105,0,45
BRDA:1,105,1,45
BRDA:1,106,0,45
BRDA:1,106,1,0
BRDA:1,107,0,6
BRDA:1,107,1,2
BRDA:1,108,0,5
BRDA:1,108,1,1
BRDA:1,109,0,1
BRDA:1,109,1,2
BRDA:1,110,0,3
BRDA:1,110,1,1
BRDA:1,111,0,1
BRDA:1,111,1,1
BRDA:1,112,0,3
BRDA:1,112,1,2
BRDA:1,113,0,7
BRDA:1,113,1,7
BRDA:1,114,0,3
BRDA:1,114,1,3
BRDA:1,115,0,2
BRDA:1,115,1,2
BRDA:1,116,0,1
BRDA:1,116,1,1
BRDA:1,117,0,2
BRDA:1,117,1,2
BRDA:1,118,0,2
BRDA:1,118,1,2
BRDA:1,119,0,261
BRDA:1,119,1,7
BRDA:1,120,0,7
BRDA:1,120,1,6
BRDA:1,121,0,205
BRDA:1,121,1,141
BRDA:1,121,2,13
BRDA:1,122,0,0
BRDA:1,122,1,13
BRDA:1,123,0,13
BRDA:1,123,1,13
BRDA:1,124,0,269
BRDA:1,124,1,0
BRDA:1,125,0,0
BRDA:1,125,1,0
BRDA:1,126,0,89
BRDA:1,126,1,0
BRDA:1,127,0,89
BRDA:1,127,1,3
BRDA:1,127,2,3
BRDA:1,128,0,19
BRDA:1,128,1,44
BRDA:1,129,0,7
BRDA:1,129,1,0
BRDA:1,130,0,7
BRDA:1,130,1,7
BRDA:1,131,0,0
BRDA:1,131,1,0
BRDA:1,132,0,44
BRDA:1,132,1,44
BRDA:1,132,2,44
BRDA:1,133,0,63
BRDA:1,133,1,63
BRDA:1,134,0,63
BRDA:1,134,1,63
BRDA:1,135,0,63
BRDA:1,135,1,12
BRDA:1,136,0,0
BRDA:1,136,1,63
BRDA:1,137,0,63
BRDA:1,137,1,63
BRDA:1,137,2,0
BRDA:1,138,0,1981
BRDA:1,138,1,1734
BRDA:1,139,0,27
BRDA:1,139,1,62
BRDA:1,140,0,89
BRDA:1,140,1,89
BRDA:1,141,0,1
BRDA:1,141,1,1
BRDA:1,142,0,89
BRDA:1,142,1,50
BRDA:1,143,0,26
BRDA:1,143,1,2
BRDA:1,143,2,2
BRDA:1,144,0,2
BRDA:1,144,1,18
BRDA:1,145,0,2
BRDA:1,145,1,16
BRDA:1,146,0,17
BRDA:1,146,1,15
BRDA:1,147,0,17
BRDA:1,147,1,11
BRDA:1,148,0,2
BRDA:1,148,1,1
BRDA:1,149,0,2
BRDA:1,149,1,1
BRDA:1,150,0,2
BRDA:1,150,1,1
BRDA:1,151,0,1
BRDA:1,151,1,2
BRDA:1,152,0,2
BRDA:1,152,1,1
BRDA:1,153,0,1
BRDA:1,153,1,2
BRDA:1,154,0,2
BRDA:1,154,1,1
BRDA:1,155,0,252
BRDA:1,155,1,2
BRDA:1,155,2,2
BRDA:1,156,0,123
BRDA:1,156,1,129
BRDA:1,157,0,123
BRDA:1,157,1,129
BRDA:1,158,0,252
BRDA:1,158,1,252
BRDA:1,159,0,252
BRDA:1,159,1,251
BRDA:1,159,2,246
BRDA:1,159,3,206
BRDA:1,160,0,252
BRDA:1,160,1,206
BRDA:1,161,0,206
BRDA:1,161,1,205
BRDA:1,162,0,0
BRDA:1,162,1,206
BRDA:1,163,0,206
BRDA:1,163,1,0
BRDA:1,163,2,0
BRDA:1,164,0,206
BRDA:1,164,1,206
BRDA:1,164,2,0
BRDA:1,165,0,12569
BRDA:1,165,1,12377
BRDA:1,165,2,12363
BRDA:1,166,0,12377
BRDA:1,166,1,0
BRDA:1,167,0,12363
BRDA:1,167,1,11449
BRDA:1,168,0,252
BRDA:1,168,1,212
BRDA:1,168,2,8
BRDA:1,169,0,252
BRDA:1,169,1,21
BRDA:1,169,2,21
BRDA:1,170,0,194
BRDA:1,170,1,1986
BRDA:1,171,0,2180
BRDA:1,171,1,413
BRDA:1,172,0,267
BRDA:1,172,1,537
BRDA:1,172,2,797
BRDA:1,172,3,263
BRDA:1,172,4,271
BRDA:1,172,5,261
BRDA:1,172,6,394
BRDA:1,173,0,271
BRDA:1,173,1,265
BRDA:1,174,0,6
BRDA:1,174,1,6
BRDA:1,175,0,260
BRDA:1,175,1,260
BRDA:1,176,0,260
BRDA:1,176,1,61
BRDA:1,177,0,656
BRDA:1,177,1,2
BRDA:1,178,0,656
BRDA:1,178,1,139
BRDA:1,178,2,1
BRDA:1,179,0,656
BRDA:1,179,1,10
BRDA:1,180,0,10
BRDA:1,180,1,5
BRDA:1,181,0,252
BRDA:1,181,1,251
BRDA:1,182,0,502
BRDA:1,182,1,9
BRDA:1,183,0,252
BRDA:1,183,1,251
BRDA:1,183,2,246
BRDA:1,183,3,250
BRDA:1,183,4,5
BRDA:1,183,5,3
BRDA:1,184,0,252
BRDA:1,184,1,4
BRDA:1,185,0,248
BRDA:1,185,1,4
BRDA:1,186,0,188
BRDA:1,186,1,64
BRDA:1,187,0,252
BRDA:1,187,1,188
BRDA:1,187,2,188
BRDA:1,188,0,64
BRDA:1,188,1,64
BRDA:1,189,0,252
BRDA:1,189,1,3
BRDA:1,190,0,1
BRDA:1,190,1,2
BRDA:1,191,0,252
BRDA:1,191,1,8
BRDA:1,192,0,2
BRDA:1,192,1,6
BRDA:1,193,0,252
BRDA:1,193,1,1
BRDA:1,194,0,3
BRDA:1,194,1,249
BRDA:1,195,0,1
BRDA:1,195,1,251
BRDA:1,196,0,251
BRDA:1,196,1,6
BRDA:1,197,0,252
BRDA:1,197,1,6
BRDA:1,197,2,5
BRDA:1,198,0,251
BRDA:1,198,1,1
BRDA:1,199,0,252
BRDA:1,199,1,3
BRDA:1,200,0,3
BRDA:1,200,1,3
BRDA:1,201,0,6
BRDA:1,201,1,246
BRDA:1,202,0,40
BRDA:1,202,1,212
BRDA:1,203,0,252
BRDA:1,203,1,21
BRDA:1,204,0,1
BRDA:1,204,1,20
BRDA:1,205,0,252
BRDA:1,205,1,1
BRDA:1,206,0,123
BRDA:1,206,1,129
BRDA:1,207,0,252
BRDA:1,207,1,0
BRDA:1,207,2,0
BRDA:1,208,0,252
BRDA:1,208,1,7
BRDA:1,209,0,252
BRDA:1,209,1,11
BRDA:1,210,0,252
BRDA:1,210,1,65
BRDA:1,211,0,65
BRDA:1,211,1,63
BRDA:1,212,0,40
BRDA:1,212,1,212
BRDA:1,213,0,3
BRDA:1,213,1,3
BRDA:1,213,2,2
BRDA:1,213,3,2
BRDA:1,213,4,1
BRDA:1,214,0,1
BRDA:1,214,1,1
BRDA:1,215,0,1
BRDA:1,215,1,1
BRDA:1,215,2,1
BRDA:1,216,0,0
BRDA:1,216,1,41
BRDA:1,217,0,41
BRDA:1,217,1,4
BRDA:1,217,2,2
BRDA:1,218,0,1
BRDA:1,218,1,251
BRDA:1,219,0,1
BRDA:1,219,1,8
BRDA:1,220,0,8
BRDA:1,220,1,1
BRDA:1,221,0,252
BRDA:1,221,1,167
BRDA:1,222,0,252
BRDA:1,222,1,212
BRDA:1,223,0,13
BRDA:1,223,1,3
BRDA:1,224,0,16
BRDA:1,224,1,15
BRDA:1,225,0,16
BRDA:1,225,1,3
BRDA:1,226,0,8
BRDA:1,226,1,5
BRDA:1,227,0,8
BRDA:1,227,1,12
BRDA:1,228,0,4
BRDA:1,228,1,4
BRDA:1,229,0,2
BRDA:1,229,1,3
BRDA:1,230,0,1
BRDA:1,230,1,1
BRDA:1,231,0,2
BRDA:1,231,1,1
BRDA:1,232,0,1
BRDA:1,232,1,1
BRDA:1,232,2,1
BRDA:1,233,0,3
BRDA:1,233,1,0
BRDA:1,233,2,3
BRDA:1,233,3,2
BRDA:1,234,0,3
BRDA:1,234,1,0
BRDA:1,235,0,3
BRDA:1,235,1,3
BRDA:1,235,2,3
BRDA:1,236,0,1
BRDA:1,236,1,2
BRDA:1,237,0,0
BRDA:1,237,1,212
BRDA:1,238,0,15
BRDA:1,238,1,237
BRDA:1,239,0,252
BRDA:1,239,1,40
BRDA:1,239,2,27
BRDA:1,239,3,26
BRDA:1,240,0,1512
BRDA:1,240,1,252
BRDA:1,241,0,1764
BRDA:1,241,1,12096
BRDA:1,242,0,1764
BRDA:1,242,1,1008
BRDA:1,242,2,1008
BRDA:1,243,0,42
BRDA:1,243,1,7
BRDA:1,243,2,39
BRDA:1,244,0,1764
BRDA:1,244,1,7
BRDA:1,245,0,1764
BRDA:1,245,1,147
BRDA:1,246,0,20
BRDA:1,246,1,25
BRDA:1,246,2,27
BRDA:1,246,3,30
BRDA:1,246,4,34
BRDA:1,246,5,38
BRDA:1,246,6,3
BRDA:1,246,7,3
BRDA:1,246,8,5
BRDA:1,246,9,7
BRDA:1,246,10,3
BRDA:1,246,11,5
BRDA:1,246,12,187
BRDA:1,246,13,1
BRDA:1,247,0,33
BRDA:1,247,1,5
BRDA:1,248,0,38
BRDA:1,248,1,6
BRDA:1,249,0,5
BRDA:1,249,1,1
BRDA:1,250,0,1
BRDA:1,250,1,4
BRDA:1,251,0,4
BRDA:1,251,1,1
BRDA:1,252,0,10
BRDA:1,252,1,1
BRDA:1,253,0,7
BRDA:1,253,1,5
BRDA:1,254,0,12
BRDA:1,254,1,240
BRDA:1,255,0,252
BRDA:1,255,1,247
BRDA:1,256,0,2
BRDA:1,256,1,9
BRDA:1,257,0,11
BRDA:1,257,1,11
BRDA:1,258,0,0
BRDA:1,258,1,12
BRDA:1,259,0,11
BRDA:1,259,1,1
BRDA:1,260,0,240
BRDA:1,260,1,37
BRDA:1,260,2,5
BRDA:1,261,0,1
BRDA:1,261,1,4
BRDA:1,262,0,1
BRDA:1,262,1,0
BRDA:1,263,0,252
BRDA:1,263,1,212
BRDA:1,264,0,211
BRDA:1,264,1,1
BRDA:1,265,0,1
BRDA:1,265,1,210
BRDA:1,266,0,211
BRDA:1,266,1,1
BRDA:1,267,0,207
BRDA:1,267,1,3
BRDA:1,268,0,210
BRDA:1,268,1,209
BRDA:1,269,0,1
BRDA:1,269,1,1
BRDA:1,269,2,1
BRDA:1,270,0,7
BRDA:1,270,1,0
BRDA:1,271,0,252
BRDA:1,271,1,0
BRDA:1,272,0,252
BRDA:1,272,1,0
BRDA:1,273,0,104
BRDA:1,273,1,0
BRDA:1,274,0,1
BRDA:1,274,1,1
BRDA:1,274,2,1
BRDA:2,275,0,1
BRDA:2,275,1,1
BRDA:2,276,0,0
BRDA:2,276,1,1
BRDA:2,277,0,0
BRDA:2,277,1,0
BRF:615
BRH:535
end_of_record
